GROUP,PACKAGE,CLASS,INSTRUCTION_MISSED,INSTRUCTION_COVERED,BRANCH_MISSED,BRANCH_COVERED,LINE_MISSED,LINE_COVERED,COMPLEXITY_MISSED,COMPLEXITY_COVERED,METHOD_MISSED,METHOD_COVERED
mediScreen,com.example.mediScreen,MediScreenApplication,5,7,0,0,2,2,1,2,1,2
mediScreen,com.example.mediScreen.services,ExtractPatientService,11,3,0,0,3,1,2,1,2,1
mediScreen,com.example.mediScreen.dto,PatientDto,45,0,0,0,19,0,13,0,13,0
mediScreen,com.example.mediScreen.controllers,ExtractPatientController,22,3,2,0,6,1,3,1,2,1
mediScreen,com.example.mediScreen.models,Patient,70,3,0,0,29,2,15,1,15,1
